This is pdfTeX, Version 3.141592653-2.6-1.40.25 (TeX Live 2023) (preloaded format=pdflatex 2023.11.11)  22 DEC 2023 18:34
entering extended mode
 restricted \write18 enabled.
 %&-line parsing enabled.
**tetris-pygame.tex
(./tetris-pygame.tex
LaTeX2e <2023-11-01>
L3 programming layer <2023-11-01>
(./sphinxmanual.cls
Document Class: sphinxmanual 2019/12/01 v2.3.0 Document class (Sphinx manual)
(c:/texlive/2023/texmf-dist/tex/latex/base/report.cls
Document Class: report 2023/05/17 v1.4n Standard LaTeX document class
(c:/texlive/2023/texmf-dist/tex/latex/base/size10.clo
File: size10.clo 2023/05/17 v1.4n Standard LaTeX file (size option)
)
\c@part=\count186
\c@chapter=\count187
\c@section=\count188
\c@subsection=\count189
\c@subsubsection=\count190
\c@paragraph=\count191
\c@subparagraph=\count192
\c@figure=\count193
\c@table=\count194
\abovecaptionskip=\skip48
\belowcaptionskip=\skip49
\bibindent=\dimen140
)
LaTeX Info: Redefining \and on input line 35.
)
(c:/texlive/2023/texmf-dist/tex/latex/base/inputenc.sty
Package: inputenc 2021/02/14 v1.3d Input encoding file
\inpenc@prehook=\toks17
\inpenc@posthook=\toks18
)
   defining Unicode char U+00A0 (decimal 160)
   defining Unicode char U+2500 (decimal 9472)
   defining Unicode char U+2502 (decimal 9474)
   defining Unicode char U+2514 (decimal 9492)
   defining Unicode char U+251C (decimal 9500)
   defining Unicode char U+2572 (decimal 9586)

(c:/texlive/2023/texmf-dist/tex/latex/cmap/cmap.sty
Package: cmap 2021/02/06 v1.0j CMap support: searchable PDF
)
(c:/texlive/2023/texmf-dist/tex/latex/base/fontenc.sty
Package: fontenc 2021/04/29 v2.0v Standard LaTeX package
<<t1.cmap>>)
(c:/texlive/2023/texmf-dist/tex/latex/amsmath/amsmath.sty
Package: amsmath 2023/05/13 v2.17o AMS math features
\@mathmargin=\skip50

For additional information on amsmath, use the `?' option.
(c:/texlive/2023/texmf-dist/tex/latex/amsmath/amstext.sty
Package: amstext 2021/08/26 v2.01 AMS text

(c:/texlive/2023/texmf-dist/tex/latex/amsmath/amsgen.sty
File: amsgen.sty 1999/11/30 v2.0 generic functions
\@emptytoks=\toks19
\ex@=\dimen141
))
(c:/texlive/2023/texmf-dist/tex/latex/amsmath/amsbsy.sty
Package: amsbsy 1999/11/29 v1.2d Bold Symbols
\pmbraise@=\dimen142
)
(c:/texlive/2023/texmf-dist/tex/latex/amsmath/amsopn.sty
Package: amsopn 2022/04/08 v2.04 operator names
)
\inf@bad=\count195
LaTeX Info: Redefining \frac on input line 234.
\uproot@=\count196
\leftroot@=\count197
LaTeX Info: Redefining \overline on input line 399.
LaTeX Info: Redefining \colon on input line 410.
\classnum@=\count198
\DOTSCASE@=\count199
LaTeX Info: Redefining \ldots on input line 496.
LaTeX Info: Redefining \dots on input line 499.
LaTeX Info: Redefining \cdots on input line 620.
\Mathstrutbox@=\box51
\strutbox@=\box52
LaTeX Info: Redefining \big on input line 722.
LaTeX Info: Redefining \Big on input line 723.
LaTeX Info: Redefining \bigg on input line 724.
LaTeX Info: Redefining \Bigg on input line 725.
\big@size=\dimen143
LaTeX Font Info:    Redeclaring font encoding OML on input line 743.
LaTeX Font Info:    Redeclaring font encoding OMS on input line 744.
\macc@depth=\count266
LaTeX Info: Redefining \bmod on input line 905.
LaTeX Info: Redefining \pmod on input line 910.
LaTeX Info: Redefining \smash on input line 940.
LaTeX Info: Redefining \relbar on input line 970.
LaTeX Info: Redefining \Relbar on input line 971.
\c@MaxMatrixCols=\count267
\dotsspace@=\muskip16
\c@parentequation=\count268
\dspbrk@lvl=\count269
\tag@help=\toks20
\row@=\count270
\column@=\count271
\maxfields@=\count272
\andhelp@=\toks21
\eqnshift@=\dimen144
\alignsep@=\dimen145
\tagshift@=\dimen146
\tagwidth@=\dimen147
\totwidth@=\dimen148
\lineht@=\dimen149
\@envbody=\toks22
\multlinegap=\skip51
\multlinetaggap=\skip52
\mathdisplay@stack=\toks23
LaTeX Info: Redefining \[ on input line 2953.
LaTeX Info: Redefining \] on input line 2954.
)
(c:/texlive/2023/texmf-dist/tex/latex/amsfonts/amssymb.sty
Package: amssymb 2013/01/14 v3.01 AMS font symbols

(c:/texlive/2023/texmf-dist/tex/latex/amsfonts/amsfonts.sty
Package: amsfonts 2013/01/14 v3.01 Basic AMSFonts support
\symAMSa=\mathgroup4
\symAMSb=\mathgroup5
LaTeX Font Info:    Redeclaring math symbol \hbar on input line 98.
LaTeX Font Info:    Overwriting math alphabet `\mathfrak' in version `bold'
(Font)                  U/euf/m/n --> U/euf/b/n on input line 106.
))
(c:/texlive/2023/texmf-dist/tex/generic/babel/babel.sty
Package: babel 2023/11/11 v3.97 The Babel package
\babel@savecnt=\count273
\U@D=\dimen150
\l@unhyphenated=\language89

(c:/texlive/2023/texmf-dist/tex/generic/babel/txtbabel.def)
\bbl@readstream=\read2
\bbl@dirlevel=\count274

(c:/texlive/2023/texmf-dist/tex/generic/babel-english/english.ldf
Language: english 2017/06/06 v3.3r English support from the babel system
Package babel Info: Hyphen rules for 'canadian' set to \l@english
(babel)             (\language0). Reported on input line 102.
Package babel Info: Hyphen rules for 'australian' set to \l@ukenglish
(babel)             (\language23). Reported on input line 105.
Package babel Info: Hyphen rules for 'newzealand' set to \l@ukenglish
(babel)             (\language23). Reported on input line 108.
))
(c:/texlive/2023/texmf-dist/tex/generic/babel/locale/en/babel-english.tex
Package babel Info: Importing font and identification data for english
(babel)             from babel-en.ini. Reported on input line 11.
)
(c:/texlive/2023/texmf-dist/tex/latex/tex-gyre/tgtermes.sty
Package: tgtermes 2009/09/27 v1.2 TeX Gyre Termes as default roman family

(c:/texlive/2023/texmf-dist/tex/latex/kvoptions/kvoptions.sty
Package: kvoptions 2022-06-15 v3.15 Key value format for package options (HO)

(c:/texlive/2023/texmf-dist/tex/latex/graphics/keyval.sty
Package: keyval 2022/05/29 v1.15 key=value parser (DPC)
\KV@toks@=\toks24
)
(c:/texlive/2023/texmf-dist/tex/generic/ltxcmds/ltxcmds.sty
Package: ltxcmds 2020-05-10 v1.25 LaTeX kernel commands for general use (HO)
)
(c:/texlive/2023/texmf-dist/tex/latex/kvsetkeys/kvsetkeys.sty
Package: kvsetkeys 2022-10-05 v1.19 Key value parser (HO)
)))
(c:/texlive/2023/texmf-dist/tex/latex/tex-gyre/tgheros.sty
Package: tgheros 2009/09/27 v1.2 TeX Gyre Heros as default sans serif family
)
(c:/texlive/2023/texmf-dist/tex/latex/fncychap/fncychap.sty
Package: fncychap 2007/07/30 v1.34 LaTeX package (Revised chapters)
\RW=\skip53
\mylen=\skip54
\myhi=\skip55
\px=\skip56
\py=\skip57
\pyy=\skip58
\pxx=\skip59
\c@AlphaCnt=\count275
\c@AlphaDecCnt=\count276
) (./sphinx.sty
Package: sphinx 2023/03/19 v6.2.0 LaTeX package (Sphinx markup)

(c:/texlive/2023/texmf-dist/tex/latex/xcolor/xcolor.sty
Package: xcolor 2022/06/12 v2.14 LaTeX color extensions (UK)

(c:/texlive/2023/texmf-dist/tex/latex/graphics-cfg/color.cfg
File: color.cfg 2016/01/02 v1.6 sample color configuration
)
Package xcolor Info: Driver file: pdftex.def on input line 227.

(c:/texlive/2023/texmf-dist/tex/latex/graphics-def/pdftex.def
File: pdftex.def 2022/09/22 v1.2b Graphics/color driver for pdftex
)
(c:/texlive/2023/texmf-dist/tex/latex/graphics/mathcolor.ltx)
Package xcolor Info: Model `cmy' substituted by `cmy0' on input line 1353.
Package xcolor Info: Model `hsb' substituted by `rgb' on input line 1357.
Package xcolor Info: Model `RGB' extended on input line 1369.
Package xcolor Info: Model `HTML' substituted by `rgb' on input line 1371.
Package xcolor Info: Model `Hsb' substituted by `hsb' on input line 1372.
Package xcolor Info: Model `tHsb' substituted by `hsb' on input line 1373.
Package xcolor Info: Model `HSB' substituted by `hsb' on input line 1374.
Package xcolor Info: Model `Gray' substituted by `gray' on input line 1375.
Package xcolor Info: Model `wave' substituted by `hsb' on input line 1376.
)
(./sphinxoptionshyperref.sty
File: sphinxoptionshyperref.sty 2021/01/27 hyperref
) (./sphinxoptionsgeometry.sty
File: sphinxoptionsgeometry.sty 2021/01/27 geometry
)
(c:/texlive/2023/texmf-dist/tex/latex/base/textcomp.sty
Package: textcomp 2020/02/02 v2.0n Standard LaTeX package
)
(c:/texlive/2023/texmf-dist/tex/latex/float/float.sty
Package: float 2001/11/08 v1.3d Float enhancements (AL)
\c@float@type=\count277
\float@exts=\toks25
\float@box=\box53
\@float@everytoks=\toks26
\@floatcapt=\box54
)
(c:/texlive/2023/texmf-dist/tex/latex/wrapfig/wrapfig.sty
\wrapoverhang=\dimen151
\WF@size=\dimen152
\c@WF@wrappedlines=\count278
\WF@box=\box55
\WF@everypar=\toks27
Package: wrapfig 2003/01/31  v 3.6
)
(c:/texlive/2023/texmf-dist/tex/latex/capt-of/capt-of.sty
Package: capt-of 2009/12/29 v0.2 standard captions outside of floats
)
(c:/texlive/2023/texmf-dist/tex/latex/tools/multicol.sty
Package: multicol 2023/03/30 v1.9f multicolumn formatting (FMi)
\c@tracingmulticols=\count279
\mult@box=\box56
\multicol@leftmargin=\dimen153
\c@unbalance=\count280
\c@collectmore=\count281
\doublecol@number=\count282
\multicoltolerance=\count283
\multicolpretolerance=\count284
\full@width=\dimen154
\page@free=\dimen155
\premulticols=\dimen156
\postmulticols=\dimen157
\multicolsep=\skip60
\multicolbaselineskip=\skip61
\partial@page=\box57
\last@line=\box58
\mc@boxedresult=\box59
\maxbalancingoverflow=\dimen158
\mult@rightbox=\box60
\mult@grightbox=\box61
\mult@firstbox=\box62
\mult@gfirstbox=\box63
\@tempa=\box64
\@tempa=\box65
\@tempa=\box66
\@tempa=\box67
\@tempa=\box68
\@tempa=\box69
\@tempa=\box70
\@tempa=\box71
\@tempa=\box72
\@tempa=\box73
\@tempa=\box74
\@tempa=\box75
\@tempa=\box76
\@tempa=\box77
\@tempa=\box78
\@tempa=\box79
\@tempa=\box80
\@tempa=\box81
\@tempa=\box82
\@tempa=\box83
\@tempa=\box84
\@tempa=\box85
\@tempa=\box86
\@tempa=\box87
\@tempa=\box88
\@tempa=\box89
\@tempa=\box90
\@tempa=\box91
\@tempa=\box92
\@tempa=\box93
\@tempa=\box94
\@tempa=\box95
\@tempa=\box96
\@tempa=\box97
\@tempa=\box98
\@tempa=\box99
\c@minrows=\count285
\c@columnbadness=\count286
\c@finalcolumnbadness=\count287
\last@try=\dimen159
\multicolovershoot=\dimen160
\multicolundershoot=\dimen161
\mult@nat@firstbox=\box100
\colbreak@box=\box101
\mc@col@check@num=\count288
)
(c:/texlive/2023/texmf-dist/tex/latex/graphics/graphicx.sty
Package: graphicx 2021/09/16 v1.2d Enhanced LaTeX Graphics (DPC,SPQR)

(c:/texlive/2023/texmf-dist/tex/latex/graphics/graphics.sty
Package: graphics 2022/03/10 v1.4e Standard LaTeX Graphics (DPC,SPQR)

(c:/texlive/2023/texmf-dist/tex/latex/graphics/trig.sty
Package: trig 2021/08/11 v1.11 sin cos tan (DPC)
)
(c:/texlive/2023/texmf-dist/tex/latex/graphics-cfg/graphics.cfg
File: graphics.cfg 2016/06/04 v1.11 sample graphics configuration
)
Package graphics Info: Driver file: pdftex.def on input line 107.
)
\Gin@req@height=\dimen162
\Gin@req@width=\dimen163
)
(./sphinxlatexgraphics.sty
File: sphinxlatexgraphics.sty 2021/01/27 graphics
\spx@image@maxheight=\dimen164
\spx@image@box=\box102
) (./sphinxpackageboxes.sty
Package: sphinxpackageboxes 2023/03/19 v6.2.0 advanced colored boxes

(c:/texlive/2023/texmf-dist/tex/latex/pict2e/pict2e.sty
Package: pict2e 2020/09/30 v0.4b Improved picture commands (HjG,RN,JT)

(c:/texlive/2023/texmf-dist/tex/latex/pict2e/pict2e.cfg
File: pict2e.cfg 2016/02/05 v0.1u pict2e configuration for teTeX/TeXLive
)
Package pict2e Info: Driver file: pdftex.def on input line 112.
Package pict2e Info: Driver file for pict2e: p2e-pdftex.def on input line 114.

(c:/texlive/2023/texmf-dist/tex/latex/pict2e/p2e-pdftex.def
File: p2e-pdftex.def 2016/02/05 v0.1u Driver-dependant file (RN,HjG,JT)
)
\pIIe@GRAPH=\toks28
\@arclen=\dimen165
\@arcrad=\dimen166
\pIIe@tempdima=\dimen167
\pIIe@tempdimb=\dimen168
\pIIe@tempdimc=\dimen169
\pIIe@tempdimd=\dimen170
\pIIe@tempdime=\dimen171
\pIIe@tempdimf=\dimen172
)
(c:/texlive/2023/texmf-dist/tex/latex/ellipse/ellipse.sty
Package: ellipse 2004/11/05 v1.0 .dtx ellipse file
)
\@tempdimd=\dimen173
\spx@tempboxa=\box103
\spx@tempboxb=\box104
\spx@boxes@border=\dimen174
\spx@boxes@border@top=\dimen175
\spx@boxes@border@right=\dimen176
\spx@boxes@border@bottom=\dimen177
\spx@boxes@border@left=\dimen178
\spx@boxes@padding@top=\dimen179
\spx@boxes@padding@right=\dimen180
\spx@boxes@padding@bottom=\dimen181
\spx@boxes@padding@left=\dimen182
\spx@boxes@shadow@xoffset=\dimen183
\spx@boxes@shadow@yoffset=\dimen184
\spx@boxes@radius@topleft@x=\dimen185
\spx@boxes@radius@topright@x=\dimen186
\spx@boxes@radius@bottomright@x=\dimen187
\spx@boxes@radius@bottomleft@x=\dimen188
\spx@boxes@radius@topleft@y=\dimen189
\spx@boxes@radius@topright@y=\dimen190
\spx@boxes@radius@bottomright@y=\dimen191
\spx@boxes@radius@bottomleft@y=\dimen192
)
(./sphinxlatexadmonitions.sty
File: sphinxlatexadmonitions.sty 2023/03/19 admonitions

(c:/texlive/2023/texmf-dist/tex/latex/framed/framed.sty
Package: framed 2011/10/22 v 0.96: framed or shaded text with page breaks
\OuterFrameSep=\skip62
\fb@frw=\dimen193
\fb@frh=\dimen194
\FrameRule=\dimen195
\FrameSep=\dimen196
)
\spx@notice@border=\dimen197
)
(./sphinxlatexliterals.sty
File: sphinxlatexliterals.sty 2023/04/01 code-blocks and parsed literals

(c:/texlive/2023/texmf-dist/tex/latex/fancyvrb/fancyvrb.sty
Package: fancyvrb 2023/11/06 4.5b verbatim text (tvz,hv)
\FV@CodeLineNo=\count289
\FV@InFile=\read3
\FV@TabBox=\box105
\c@FancyVerbLine=\count290
\FV@StepNumber=\count291
\FV@OutFile=\write3
)
(c:/texlive/2023/texmf-dist/tex/latex/base/alltt.sty
Package: alltt 2021/01/29 v2.0g defines alltt environment
)
(c:/texlive/2023/texmf-dist/tex/latex/upquote/upquote.sty
Package: upquote 2012/04/19 v1.3 upright-quote and grave-accent glyphs in verba
tim
)
(c:/texlive/2023/texmf-dist/tex/latex/needspace/needspace.sty
Package: needspace 2010/09/12 v1.3d reserve vertical space
)
\sphinxcontinuationbox=\box106
\sphinxvisiblespacebox=\box107
\sphinxVerbatim@TitleBox=\box108
\sphinxVerbatim@ContentsBox=\box109
)
(./sphinxlatexshadowbox.sty
File: sphinxlatexshadowbox.sty 2023/03/19 sphinxShadowBox
) (./sphinxlatexcontainers.sty
File: sphinxlatexcontainers.sty 2021/05/03 containers
)
(./sphinxhighlight.sty
Package: sphinxhighlight 2022/06/30 stylesheet for highlighting with pygments
) (./sphinxlatextables.sty
File: sphinxlatextables.sty 2022/08/15 tables

(c:/texlive/2023/texmf-dist/tex/latex/tabulary/tabulary.sty
Package: tabulary 2014/06/11 v0.10 tabulary package (DPC)

(c:/texlive/2023/texmf-dist/tex/latex/tools/array.sty
Package: array 2023/10/16 v2.5g Tabular extension package (FMi)
\col@sep=\dimen198
\ar@mcellbox=\box110
\extrarowheight=\dimen199
\NC@list=\toks29
\extratabsurround=\skip63
\backup@length=\skip64
\ar@cellbox=\box111
)
\TY@count=\count292
\TY@linewidth=\dimen256
\tymin=\dimen257
\tymax=\dimen258
\TY@tablewidth=\dimen259
)
(c:/texlive/2023/texmf-dist/tex/latex/tools/longtable.sty
Package: longtable 2023-11-01 v4.19 Multi-page Table package (DPC)
\LTleft=\skip65
\LTright=\skip66
\LTpre=\skip67
\LTpost=\skip68
\LTchunksize=\count293
\LTcapwidth=\dimen260
\LT@head=\box112
\LT@firsthead=\box113
\LT@foot=\box114
\LT@lastfoot=\box115
\LT@gbox=\box116
\LT@cols=\count294
\LT@rows=\count295
\c@LT@tables=\count296
\c@LT@chunks=\count297
\LT@p@ftn=\toks30
)
(c:/texlive/2023/texmf-dist/tex/latex/varwidth/varwidth.sty
Package: varwidth 2009/03/30 ver 0.92;  Variable-width minipages
\@vwid@box=\box117
\sift@deathcycles=\count298
\@vwid@loff=\dimen261
\@vwid@roff=\dimen262
)
\sphinx@TY@tablewidth=\dimen263

(c:/texlive/2023/texmf-dist/tex/latex/colortbl/colortbl.sty
Package: colortbl 2022/06/20 v1.0f Color table columns (DPC)
\everycr=\toks31
\minrowclearance=\skip69
\rownum=\count299
)
(c:/texlive/2023/texmf-dist/tex/latex/booktabs/booktabs.sty
Package: booktabs 2020/01/12 v1.61803398 Publication quality tables
\heavyrulewidth=\dimen264
\lightrulewidth=\dimen265
\cmidrulewidth=\dimen266
\belowrulesep=\dimen267
\belowbottomsep=\dimen268
\aboverulesep=\dimen269
\abovetopsep=\dimen270
\cmidrulesep=\dimen271
\cmidrulekern=\dimen272
\defaultaddspace=\dimen273
\@cmidla=\count300
\@cmidlb=\count301
\@aboverulesep=\dimen274
\@belowrulesep=\dimen275
\@thisruleclass=\count302
\@lastruleclass=\count303
\@thisrulewidth=\dimen276
))
(./sphinxlatexnumfig.sty
File: sphinxlatexnumfig.sty 2021/01/27 numbering
) (./sphinxlatexlists.sty
File: sphinxlatexlists.sty 2021/12/20 lists
\spx@lineitemlabel=\toks32
)
\c@sphinxscope=\count304
 (./sphinxpackagefootnote.sty
Package: sphinxpackagefootnote 2022/08/15 v5.3.0 Sphinx custom footnotehyper pa
ckage (Sphinx team)
\FNH@notes=\box118
\FNH@toks=\toks33
\FNH@width=\dimen277
\c@sphinxfootnotemark=\count305
) (./sphinxlatexindbibtoc.sty
File: sphinxlatexindbibtoc.sty 2021/01/27 index, bib., toc

(c:/texlive/2023/texmf-dist/tex/latex/base/makeidx.sty
Package: makeidx 2021/10/04 v1.0m Standard LaTeX package
))
(./sphinxlatexstylepage.sty
File: sphinxlatexstylepage.sty 2021/01/27 page styling

(c:/texlive/2023/texmf-dist/tex/latex/parskip/parskip.sty
Rollback for package 'parskip' requested -> version 'v1'.
         This corresponds to the release introduced on 2001-04-09.

(c:/texlive/2023/texmf-dist/tex/latex/parskip/parskip-2001-04-09.sty
Package: parskip 2001/04/09 non-zero parskip adjustments
))
(c:/texlive/2023/texmf-dist/tex/latex/fancyhdr/fancyhdr.sty
Package: fancyhdr 2022/11/09 v4.1 Extensive control of page headers and footers

\f@nch@headwidth=\skip70
\f@nch@O@elh=\skip71
\f@nch@O@erh=\skip72
\f@nch@O@olh=\skip73
\f@nch@O@orh=\skip74
\f@nch@O@elf=\skip75
\f@nch@O@erf=\skip76
\f@nch@O@olf=\skip77
\f@nch@O@orf=\skip78
))
(./sphinxlatexstyleheadings.sty
File: sphinxlatexstyleheadings.sty 2023/02/11 headings

(c:/texlive/2023/texmf-dist/tex/latex/titlesec/titlesec.sty
Package: titlesec 2023/10/27 v2.16 Sectioning titles
\ttl@box=\box119
\beforetitleunit=\skip79
\aftertitleunit=\skip80
\ttl@plus=\dimen278
\ttl@minus=\dimen279
\ttl@toksa=\toks34
\titlewidth=\dimen280
\titlewidthlast=\dimen281
\titlewidthfirst=\dimen282
))
(./sphinxlatexstyletext.sty
File: sphinxlatexstyletext.sty 2023/07/23 text styling
) (./sphinxlatexobjects.sty
File: sphinxlatexobjects.sty 2023/07/23 documentation environments
\sphinxsignaturesep=\skip81
\sphinxsignaturelistskip=\skip82
\py@argswidth=\skip83
\lineblockindentation=\skip84
\DUlineblockindent=\skip85
))
(c:/texlive/2023/texmf-dist/tex/latex/geometry/geometry.sty
Package: geometry 2020/01/02 v5.9 Page Geometry

(c:/texlive/2023/texmf-dist/tex/generic/iftex/ifvtex.sty
Package: ifvtex 2019/10/25 v1.7 ifvtex legacy package. Use iftex instead.

(c:/texlive/2023/texmf-dist/tex/generic/iftex/iftex.sty
Package: iftex 2022/02/03 v1.0f TeX engine tests
))
\Gm@cnth=\count306
\Gm@cntv=\count307
\c@Gm@tempcnt=\count308
\Gm@bindingoffset=\dimen283
\Gm@wd@mp=\dimen284
\Gm@odd@mp=\dimen285
\Gm@even@mp=\dimen286
\Gm@layoutwidth=\dimen287
\Gm@layoutheight=\dimen288
\Gm@layouthoffset=\dimen289
\Gm@layoutvoffset=\dimen290
\Gm@dimlist=\toks35
)
(c:/texlive/2023/texmf-dist/tex/latex/hyperref/hyperref.sty
Package: hyperref 2023-11-09 v7.01f Hypertext links for LaTeX

(c:/texlive/2023/texmf-dist/tex/generic/pdftexcmds/pdftexcmds.sty
Package: pdftexcmds 2020-06-27 v0.33 Utility functions of pdfTeX for LuaTeX (HO
)

(c:/texlive/2023/texmf-dist/tex/generic/infwarerr/infwarerr.sty
Package: infwarerr 2019/12/03 v1.5 Providing info/warning/error messages (HO)
)
Package pdftexcmds Info: \pdf@primitive is available.
Package pdftexcmds Info: \pdf@ifprimitive is available.
Package pdftexcmds Info: \pdfdraftmode found.
)
(c:/texlive/2023/texmf-dist/tex/generic/kvdefinekeys/kvdefinekeys.sty
Package: kvdefinekeys 2019-12-19 v1.6 Define keys (HO)
)
(c:/texlive/2023/texmf-dist/tex/generic/pdfescape/pdfescape.sty
Package: pdfescape 2019/12/09 v1.15 Implements pdfTeX's escape features (HO)
)
(c:/texlive/2023/texmf-dist/tex/latex/hycolor/hycolor.sty
Package: hycolor 2020-01-27 v1.10 Color options for hyperref/bookmark (HO)
)
(c:/texlive/2023/texmf-dist/tex/latex/letltxmacro/letltxmacro.sty
Package: letltxmacro 2019/12/03 v1.6 Let assignment for LaTeX macros (HO)
)
(c:/texlive/2023/texmf-dist/tex/latex/auxhook/auxhook.sty
Package: auxhook 2019-12-17 v1.6 Hooks for auxiliary files (HO)
)
(c:/texlive/2023/texmf-dist/tex/latex/hyperref/nameref.sty
Package: nameref 2023-11-09 v2.55 Cross-referencing by name of section

(c:/texlive/2023/texmf-dist/tex/latex/refcount/refcount.sty
Package: refcount 2019/12/15 v3.6 Data extraction from label references (HO)
)
(c:/texlive/2023/texmf-dist/tex/generic/gettitlestring/gettitlestring.sty
Package: gettitlestring 2019/12/15 v1.6 Cleanup title references (HO)
)
\c@section@level=\count309
)
(c:/texlive/2023/texmf-dist/tex/latex/etoolbox/etoolbox.sty
Package: etoolbox 2020/10/05 v2.5k e-TeX tools for LaTeX (JAW)
\etb@tempcnta=\count310
)
\@linkdim=\dimen291
\Hy@linkcounter=\count311
\Hy@pagecounter=\count312

(c:/texlive/2023/texmf-dist/tex/latex/hyperref/pd1enc.def
File: pd1enc.def 2023-11-09 v7.01f Hyperref: PDFDocEncoding definition (HO)
Now handling font encoding PD1 ...
... no UTF-8 mapping file for font encoding PD1
)
(c:/texlive/2023/texmf-dist/tex/generic/intcalc/intcalc.sty
Package: intcalc 2019/12/15 v1.3 Expandable calculations with integers (HO)
)
\Hy@SavedSpaceFactor=\count313

(c:/texlive/2023/texmf-dist/tex/latex/hyperref/puenc.def
File: puenc.def 2023-11-09 v7.01f Hyperref: PDF Unicode definition (HO)
Now handling font encoding PU ...
... no UTF-8 mapping file for font encoding PU
)
Package hyperref Info: Option `unicode' set `true' on input line 4054.
Package hyperref Info: Option `colorlinks' set `true' on input line 4054.
Package hyperref Info: Option `breaklinks' set `true' on input line 4054.
Package hyperref Info: Hyper figures OFF on input line 4171.
Package hyperref Info: Link nesting OFF on input line 4176.
Package hyperref Info: Hyper index ON on input line 4179.
Package hyperref Info: Plain pages OFF on input line 4186.
Package hyperref Info: Backreferencing OFF on input line 4191.
Package hyperref Info: Implicit mode ON; LaTeX internals redefined.
Package hyperref Info: Bookmarks ON on input line 4438.
\c@Hy@tempcnt=\count314

(c:/texlive/2023/texmf-dist/tex/latex/url/url.sty
\Urlmuskip=\muskip17
Package: url 2013/09/16  ver 3.4  Verb mode for urls, etc.
)
LaTeX Info: Redefining \url on input line 4776.
\XeTeXLinkMargin=\dimen292

(c:/texlive/2023/texmf-dist/tex/generic/bitset/bitset.sty
Package: bitset 2019/12/09 v1.3 Handle bit-vector datatype (HO)

(c:/texlive/2023/texmf-dist/tex/generic/bigintcalc/bigintcalc.sty
Package: bigintcalc 2019/12/15 v1.5 Expandable calculations on big integers (HO
)
))
\Fld@menulength=\count315
\Field@Width=\dimen293
\Fld@charsize=\dimen294
Package hyperref Info: Hyper figures OFF on input line 6055.
Package hyperref Info: Link nesting OFF on input line 6060.
Package hyperref Info: Hyper index ON on input line 6063.
Package hyperref Info: backreferencing OFF on input line 6070.
Package hyperref Info: Link coloring ON on input line 6073.
Package hyperref Info: Link coloring with OCG OFF on input line 6080.
Package hyperref Info: PDF/A mode OFF on input line 6085.

(c:/texlive/2023/texmf-dist/tex/latex/base/atbegshi-ltx.sty
Package: atbegshi-ltx 2021/01/10 v1.0c Emulation of the original atbegshi
package with kernel methods
)
\Hy@abspage=\count316
\c@Item=\count317
\c@Hfootnote=\count318
)
Package hyperref Info: Driver (autodetected): hpdftex.

(c:/texlive/2023/texmf-dist/tex/latex/hyperref/hpdftex.def
File: hpdftex.def 2023-11-09 v7.01f Hyperref driver for pdfTeX

(c:/texlive/2023/texmf-dist/tex/latex/base/atveryend-ltx.sty
Package: atveryend-ltx 2020/08/19 v1.0a Emulation of the original atveryend pac
kage
with kernel methods
)
\Fld@listcount=\count319
\c@bookmark@seq@number=\count320

(c:/texlive/2023/texmf-dist/tex/latex/rerunfilecheck/rerunfilecheck.sty
Package: rerunfilecheck 2022-07-10 v1.10 Rerun checks for auxiliary files (HO)

(c:/texlive/2023/texmf-dist/tex/generic/uniquecounter/uniquecounter.sty
Package: uniquecounter 2019/12/15 v1.4 Provide unlimited unique counter (HO)
)
Package uniquecounter Info: New unique counter `rerunfilecheck' on input line 2
85.
)
\Hy@SectionHShift=\skip86
)
(c:/texlive/2023/texmf-dist/tex/latex/oberdiek/hypcap.sty
Package: hypcap 2016/05/16 v1.12 Adjusting the anchors of captions (HO)
)
(./sphinxmessages.sty
Package: sphinxmessages 2019/01/04 v2.0 Localized LaTeX macros (Sphinx team)
)
\@indexfile=\write4
\openout4 = `tetris-pygame.idx'.


Writing index file tetris-pygame.idx
LaTeX Font Info:    Trying to load font information for T1+qtm on input line 72
.
(c:/texlive/2023/texmf-dist/tex/latex/tex-gyre/t1qtm.fd
File: t1qtm.fd 2009/09/25 v1.2 font definition file for T1/qtm
)
(c:/texlive/2023/texmf-dist/tex/latex/l3backend/l3backend-pdftex.def
File: l3backend-pdftex.def 2023-11-04 L3 backend support: PDF output (pdfTeX)
\l__color_backend_stack_int=\count321
\l__pdf_internal_box=\box120
)
(./tetris-pygame.aux)
\openout1 = `tetris-pygame.aux'.

LaTeX Font Info:    Checking defaults for OML/cmm/m/it on input line 72.
LaTeX Font Info:    ... okay on input line 72.
LaTeX Font Info:    Checking defaults for OMS/cmsy/m/n on input line 72.
LaTeX Font Info:    ... okay on input line 72.
LaTeX Font Info:    Checking defaults for OT1/cmr/m/n on input line 72.
LaTeX Font Info:    ... okay on input line 72.
LaTeX Font Info:    Checking defaults for T1/cmr/m/n on input line 72.
LaTeX Font Info:    ... okay on input line 72.
LaTeX Font Info:    Checking defaults for TS1/cmr/m/n on input line 72.
LaTeX Font Info:    ... okay on input line 72.
LaTeX Font Info:    Checking defaults for OMX/cmex/m/n on input line 72.
LaTeX Font Info:    ... okay on input line 72.
LaTeX Font Info:    Checking defaults for U/cmr/m/n on input line 72.
LaTeX Font Info:    ... okay on input line 72.
LaTeX Font Info:    Checking defaults for PD1/pdf/m/n on input line 72.
LaTeX Font Info:    ... okay on input line 72.
LaTeX Font Info:    Checking defaults for PU/pdf/m/n on input line 72.
LaTeX Font Info:    ... okay on input line 72.

(c:/texlive/2023/texmf-dist/tex/context/base/mkii/supp-pdf.mkii
[Loading MPS to PDF converter (version 2006.09.02).]
\scratchcounter=\count322
\scratchdimen=\dimen295
\scratchbox=\box121
\nofMPsegments=\count323
\nofMParguments=\count324
\everyMPshowfont=\toks36
\MPscratchCnt=\count325
\MPscratchDim=\dimen296
\MPnumerator=\count326
\makeMPintoPDFobject=\count327
\everyMPtoPDFconversion=\toks37
) (c:/texlive/2023/texmf-dist/tex/latex/epstopdf-pkg/epstopdf-base.sty
Package: epstopdf-base 2020-01-24 v2.11 Base part for package epstopdf
Package epstopdf-base Info: Redefining graphics rule for `.eps' on input line 4
85.

(c:/texlive/2023/texmf-dist/tex/latex/latexconfig/epstopdf-sys.cfg
File: epstopdf-sys.cfg 2010/07/13 v1.3 Configuration of (r)epstopdf for TeX Liv
e
))
\c@literalblock=\count328

*geometry* driver: auto-detecting
*geometry* detected driver: pdftex
*geometry* verbose mode - [ preamble ] result:
* driver: pdftex
* paper: letterpaper
* layout: <same size as paper>
* layoutoffset:(h,v)=(0.0pt,0.0pt)
* modes: twoside 
* h-part:(L,W,R)=(72.26999pt, 469.75502pt, 72.26999pt)
* v-part:(T,H,B)=(72.26999pt, 650.43001pt, 72.26999pt)
* \paperwidth=614.295pt
* \paperheight=794.96999pt
* \textwidth=469.75502pt
* \textheight=650.43001pt
* \oddsidemargin=0.0pt
* \evensidemargin=0.0pt
* \topmargin=-37.0pt
* \headheight=12.0pt
* \headsep=25.0pt
* \topskip=10.0pt
* \footskip=30.0pt
* \marginparwidth=36.135pt
* \marginparsep=11.0pt
* \columnsep=10.0pt
* \skip\footins=9.0pt plus 4.0pt minus 2.0pt
* \hoffset=0.0pt
* \voffset=0.0pt
* \mag=1000
* \@twocolumnfalse
* \@twosidetrue
* \@mparswitchtrue
* \@reversemarginfalse
* (1in=72.27pt=25.4mm, 1cm=28.453pt)

Package hyperref Info: Link coloring ON on input line 72.
(./tetris-pygame.out) (./tetris-pygame.out)
\@outlinefile=\write5
\openout5 = `tetris-pygame.out'.

Package hyperref Info: Option `pageanchor' set `false' on input line 80.
LaTeX Font Info:    Trying to load font information for T1+qhv on input line 80
.

(c:/texlive/2023/texmf-dist/tex/latex/tex-gyre/t1qhv.fd
File: t1qhv.fd 2009/09/25 v1.2 font definition file for T1/qhv
)<<ot1.cmap>><<oml.cmap>><<oms.cmap>><<omx.cmap>>
LaTeX Font Info:    Trying to load font information for U+msa on input line 80.


(c:/texlive/2023/texmf-dist/tex/latex/amsfonts/umsa.fd
File: umsa.fd 2013/01/14 v3.01 AMS symbols A
)
LaTeX Font Info:    Trying to load font information for U+msb on input line 80.


(c:/texlive/2023/texmf-dist/tex/latex/amsfonts/umsb.fd
File: umsb.fd 2013/01/14 v3.01 AMS symbols B
) [1

{c:/texlive/2023/texmf-var/fonts/map/pdftex/updmap/pdftex.map}{c:/texlive/2023/
texmf-dist/fonts/enc/dvips/tex-gyre/q-ec.enc}] [2


] (./tetris-pygame.toc)
\tf@toc=\write6
\openout6 = `tetris-pygame.toc'.

 [1

] [2

]
Chapter 1.
LaTeX Font Info:    Trying to load font information for T1+txtt on input line 1
25.
(c:/texlive/2023/texmf-dist/tex/latex/txfonts/t1txtt.fd
File: t1txtt.fd 2000/12/15 v3.1
)
LaTeX Font Info:    Font shape `T1/txtt/b/n' in size <10> not available
(Font)              Font shape `T1/txtt/bx/n' tried instead on input line 125.
 [1

]
LaTeX Font Info:    Trying to load font information for TS1+qtm on input line 2
93.

(c:/texlive/2023/texmf-dist/tex/latex/tex-gyre/ts1qtm.fd
File: ts1qtm.fd 2009/09/25 v1.2 font definition file for TS1/qtm
)
LaTeX Font Info:    Trying to load font information for TS1+txtt on input line 
1.

(c:/texlive/2023/texmf-dist/tex/latex/txfonts/ts1txtt.fd
File: ts1txtt.fd 2000/12/15 v3.1
)
LaTeX Font Info:    Font shape `TS1/txtt/b/n' in size <10> not available
(Font)              Font shape `TS1/txtt/bx/n' tried instead on input line 1.
 [2{c:/texlive/2023/texmf-dist/fonts/enc/dvips/tex-gyre/q-ts1.enc}] [3] [4] [5]
 [6] [7] [8] [9]
[10] [11] [12] [13] [14]
LaTeX Font Info:    Font shape `T1/txtt/m/it' in size <10> not available
(Font)              Font shape `T1/txtt/m/sl' tried instead on input line 2893.

 [15] [16] [17] [18] [19] [20

]
Chapter 2.
[21] [22

] [23


] (./tetris-pygame.ind [24


]
Underfull \hbox (badness 10000) in paragraph at lines 17--19
[]\T1/txtt/m/n/10 check_cell_available_for_rotation()
 []


Overfull \hbox (10.82149pt too wide) in paragraph at lines 20--22
[]\T1/txtt/m/n/10 CHECK_DOWN_POS \T1/qtm/m/n/10 (\T1/qtm/m/it/10 tetris.tests.t
est_tetrominos.TestTetromino
 []


Underfull \hbox (badness 10000) in paragraph at lines 24--25
[]\T1/txtt/m/n/10 check_events() \T1/qtm/m/n/10 (\T1/qtm/m/it/10 tetris.leaderb
oard.Leaderboard
 []


Underfull \hbox (badness 10000) in paragraph at lines 27--29
[]\T1/txtt/m/n/10 check_go_back_btn_hover() \T1/qtm/m/n/10 (\T1/qtm/m/it/10 tet
ris.settings.Settings
 []


Underfull \hbox (badness 10000) in paragraph at lines 31--33
[]\T1/txtt/m/n/10 CHECK_KEYS_PRESSED_MOVEMENT_DOWN_TIME
 []


Underfull \hbox (badness 10000) in paragraph at lines 33--35
[]\T1/txtt/m/n/10 CHECK_KEYS_PRESSED_MOVEMENT_SIDE_TIME
 []


Underfull \hbox (badness 10000) in paragraph at lines 35--37
[]\T1/txtt/m/n/10 CHECK_KEYS_PRESSED_ROTATION_TIME
 []


Underfull \hbox (badness 10000) in paragraph at lines 38--40
[]\T1/txtt/m/n/10 CHECK_LINE_FALSE_GRID
 []


Underfull \hbox (badness 10000) in paragraph at lines 38--40
\T1/qtm/m/n/10 (\T1/qtm/m/it/10 tetris.tests.test_game.TestGame at-tribute\T1/q
tm/m/n/10 ),
 []


Underfull \hbox (badness 10000) in paragraph at lines 40--42
[]\T1/txtt/m/n/10 CHECK_LINE_TRUE_GRID
 []


Underfull \hbox (badness 10000) in paragraph at lines 40--42
\T1/qtm/m/n/10 (\T1/qtm/m/it/10 tetris.tests.test_game.TestGame at-tribute\T1/q
tm/m/n/10 ),
 []


Underfull \hbox (badness 10000) in paragraph at lines 43--44
[]\T1/txtt/m/n/10 check_move_left() \T1/qtm/m/n/10 (\T1/qtm/m/it/10 tetris.tetr
ominos.Tetromino
 []


Underfull \hbox (badness 10000) in paragraph at lines 44--46
[]\T1/txtt/m/n/10 check_move_right() \T1/qtm/m/n/10 (\T1/qtm/m/it/10 tetris.tet
rominos.Tetromino
 []


Underfull \hbox (badness 10000) in paragraph at lines 51--52
[]\T1/txtt/m/n/10 check_tetromino_above_top() \T1/qtm/m/n/10 (\T1/qtm/m/it/10 t
etris.game.Game
 []


Underfull \hbox (badness 10000) in paragraph at lines 52--54
[]\T1/txtt/m/n/10 CHECK_TETROMINO_GRID
 []


Underfull \hbox (badness 10000) in paragraph at lines 52--54
\T1/qtm/m/n/10 (\T1/qtm/m/it/10 tetris.tests.test_game.TestGame at-tribute\T1/q
tm/m/n/10 ),
 []


Underfull \hbox (badness 6125) in paragraph at lines 54--55
[]\T1/txtt/m/n/10 check_touch() \T1/qtm/m/n/10 (\T1/qtm/m/it/10 tetris.tetromin
os.Tetromino method\T1/qtm/m/n/10 ),
 []


Underfull \hbox (badness 10000) in paragraph at lines 58--60
[]\T1/txtt/m/n/10 CLEAR_NEXT_TETROMINO_GRID
 []


Underfull \hbox (badness 10000) in paragraph at lines 58--60
\T1/qtm/m/n/10 (\T1/qtm/m/it/10 tetris.tests.test_game.TestGame at-tribute\T1/q
tm/m/n/10 ),
 []


Underfull \hbox (badness 10000) in paragraph at lines 60--62
[]\T1/txtt/m/n/10 clear_next_tetromino_window()
 []


Underfull \hbox (badness 10000) in paragraph at lines 71--73
[]\T1/txtt/m/n/10 CONTROLS_TWO_KEYS_X \T1/qtm/m/n/10 (\T1/qtm/m/it/10 tetris.se
ttings.Settings at-
 []


Underfull \hbox (badness 10000) in paragraph at lines 76--78
[]\T1/txtt/m/n/10 create_draw_row() \T1/qtm/m/n/10 (\T1/qtm/m/it/10 tetris.lead
erboard.Leaderboard
 []


Underfull \hbox (badness 10000) in paragraph at lines 79--81
[]\T1/txtt/m/n/10 create_end_of_game_btns() \T1/qtm/m/n/10 (\T1/qtm/m/it/10 tet
ris.settings.Settings
 []

[25

]
Underfull \hbox (badness 10000) in paragraph at lines 84--86
[]\T1/txtt/m/n/10 create_go_back_btn() \T1/qtm/m/n/10 (\T1/qtm/m/it/10 tetris.s
ettings.Settings
 []


Underfull \hbox (badness 10000) in paragraph at lines 86--87
[]\T1/txtt/m/n/10 create_header() \T1/qtm/m/n/10 (\T1/qtm/m/it/10 tetris.leader
board.Leaderboard
 []


Underfull \hbox (badness 10000) in paragraph at lines 87--89
[]\T1/txtt/m/n/10 create_leaderboard()
 []


Underfull \hbox (badness 10000) in paragraph at lines 87--89
\T1/qtm/m/n/10 (\T1/qtm/m/it/10 tetris.leaderboard.Leaderboard method\T1/qtm/m/
n/10 ),
 []


Underfull \hbox (badness 10000) in paragraph at lines 90--91
[]\T1/txtt/m/n/10 create_title() \T1/qtm/m/n/10 (\T1/qtm/m/it/10 tetris.leaderb
oard.Leaderboard
 []


Underfull \hbox (badness 10000) in paragraph at lines 99--101
[]\T1/txtt/m/n/10 DELETE_LINE_AFTER_GRID
 []


Underfull \hbox (badness 10000) in paragraph at lines 99--101
\T1/qtm/m/n/10 (\T1/qtm/m/it/10 tetris.tests.test_game.TestGame at-tribute\T1/q
tm/m/n/10 ),
 []


Underfull \hbox (badness 10000) in paragraph at lines 101--103
[]\T1/txtt/m/n/10 DELETE_LINE_BEFORE_GRID
 []


Underfull \hbox (badness 10000) in paragraph at lines 101--103
\T1/qtm/m/n/10 (\T1/qtm/m/it/10 tetris.tests.test_game.TestGame at-tribute\T1/q
tm/m/n/10 ),
 []


Underfull \hbox (badness 10000) in paragraph at lines 106--107
[]\T1/txtt/m/n/10 draw_end_of_game_btns() \T1/qtm/m/n/10 (\T1/qtm/m/it/10 tetri
s.game.Game
 []


Underfull \hbox (badness 10000) in paragraph at lines 110--111
[]\T1/txtt/m/n/10 draw_header() \T1/qtm/m/n/10 (\T1/qtm/m/it/10 tetris.leaderbo
ard.Leaderboard
 []


Underfull \hbox (badness 10000) in paragraph at lines 115--116
[]\T1/txtt/m/n/10 draw_next_tetromino_title() \T1/qtm/m/n/10 (\T1/qtm/m/it/10 t
etris.game.Game
 []


Underfull \hbox (badness 10000) in paragraph at lines 116--117
[]\T1/txtt/m/n/10 draw_next_tetromino_window() \T1/qtm/m/n/10 (\T1/qtm/m/it/10 
tetris.game.Game
 []


Underfull \hbox (badness 10000) in paragraph at lines 122--123
[]\T1/txtt/m/n/10 draw_title() \T1/qtm/m/n/10 (\T1/qtm/m/it/10 tetris.leaderboa
rd.Leaderboard
 []


Underfull \hbox (badness 10000) in paragraph at lines 136--138
[]\T1/txtt/m/n/10 END_OF_GAME_MENU_BTN_TEXT \T1/qtm/m/n/10 (\T1/qtm/m/it/10 tet
ris.settings.Settings
 []


Underfull \hbox (badness 10000) in paragraph at lines 140--142
[]\T1/txtt/m/n/10 END_OF_GAME_NEXT_BTN_TEXT \T1/qtm/m/n/10 (\T1/qtm/m/it/10 tet
ris.settings.Settings
 []


Underfull \hbox (badness 10000) in paragraph at lines 151--153
[]\T1/txtt/m/n/10 FONT_SIZE_CONTROLS_TITLE \T1/qtm/m/n/10 (\T1/qtm/m/it/10 tetr
is.settings.Settings
 []


Underfull \hbox (badness 10000) in paragraph at lines 157--159
[]\T1/txtt/m/n/10 FONT_SIZE_INFO_TITLES \T1/qtm/m/n/10 (\T1/qtm/m/it/10 tetris.
settings.Settings
 []


Underfull \hbox (badness 10000) in paragraph at lines 159--161
[]\T1/txtt/m/n/10 FONT_SIZE_LEADERBOARD \T1/qtm/m/n/10 (\T1/qtm/m/it/10 tetris.
settings.Settings
 []


Underfull \hbox (badness 10000) in paragraph at lines 161--163
[]\T1/txtt/m/n/10 FONT_SIZE_LEADERBOARD_HEADER
 []


Underfull \hbox (badness 10000) in paragraph at lines 163--165
[]\T1/txtt/m/n/10 FONT_SIZE_LEADERBOARD_TITLE
 []


Underfull \hbox (badness 10000) in paragraph at lines 166--168
[]\T1/txtt/m/n/10 FONT_SIZE_RULES_TITLE \T1/qtm/m/n/10 (\T1/qtm/m/it/10 tetris.
settings.Settings
 []


Underfull \hbox (badness 10000) in paragraph at lines 168--170
[]\T1/txtt/m/n/10 FONT_SIZE_SCORE_LVL \T1/qtm/m/n/10 (\T1/qtm/m/it/10 tetris.se
ttings.Settings at-
 []

[26]
Underfull \hbox (badness 10000) in paragraph at lines 186--188
[]\T1/txtt/m/n/10 GET_USERNAME_INPUT_BOX_HEIGHT
 []


Underfull \hbox (badness 10000) in paragraph at lines 188--190
[]\T1/txtt/m/n/10 GET_USERNAME_INPUT_BOX_WIDTH
 []


Underfull \hbox (badness 10000) in paragraph at lines 190--192
[]\T1/txtt/m/n/10 GET_USERNAME_INPUT_BOX_X \T1/qtm/m/n/10 (\T1/qtm/m/it/10 tetr
is.settings.Settings
 []


Underfull \hbox (badness 10000) in paragraph at lines 192--194
[]\T1/txtt/m/n/10 GET_USERNAME_INPUT_BOX_Y \T1/qtm/m/n/10 (\T1/qtm/m/it/10 tetr
is.settings.Settings
 []


Underfull \hbox (badness 10000) in paragraph at lines 197--199
[]\T1/txtt/m/n/10 GO_BACK_ICON_FILENAME \T1/qtm/m/n/10 (\T1/qtm/m/it/10 tetris.
settings.Settings
 []


Underfull \hbox (badness 10000) in paragraph at lines 210--212
[]\T1/txtt/m/n/10 HARD_DROP_LOOP_SLEEP_TIME \T1/qtm/m/n/10 (\T1/qtm/m/it/10 tet
ris.settings.Settings
 []


Underfull \hbox (badness 10000) in paragraph at lines 234--236
[]\T1/txtt/m/n/10 LEADERBOARD_BORDER_COLOR \T1/qtm/m/n/10 (\T1/qtm/m/it/10 tetr
is.settings.Settings
 []


Underfull \hbox (badness 10000) in paragraph at lines 236--238
[]\T1/txtt/m/n/10 LEADERBOARD_BORDER_WIDTH \T1/qtm/m/n/10 (\T1/qtm/m/it/10 tetr
is.settings.Settings
 []


Underfull \hbox (badness 10000) in paragraph at lines 238--240
[]\T1/txtt/m/n/10 LEADERBOARD_BORDER_X \T1/qtm/m/n/10 (\T1/qtm/m/it/10 tetris.s
ettings.Settings at-
 []


Underfull \hbox (badness 10000) in paragraph at lines 243--245
[]\T1/txtt/m/n/10 LEADERBOARD_HEADER_BORDER_WIDTH
 []


Underfull \hbox (badness 10000) in paragraph at lines 245--247
[]\T1/txtt/m/n/10 LEADERBOARD_HEADER_HEIGHT \T1/qtm/m/n/10 (\T1/qtm/m/it/10 tet
ris.settings.Settings
 []


Underfull \hbox (badness 10000) in paragraph at lines 247--249
[]\T1/txtt/m/n/10 LEADERBOARD_HEADER_TEXT_Y \T1/qtm/m/n/10 (\T1/qtm/m/it/10 tet
ris.settings.Settings
 []


Underfull \hbox (badness 10000) in paragraph at lines 249--251
[]\T1/txtt/m/n/10 LEADERBOARD_HEADER_Y \T1/qtm/m/n/10 (\T1/qtm/m/it/10 tetris.s
ettings.Settings at-
 []


Underfull \hbox (badness 10000) in paragraph at lines 251--253
[]\T1/txtt/m/n/10 LEADERBOARD_HEADERS_TEXTS \T1/qtm/m/n/10 (\T1/qtm/m/it/10 tet
ris.settings.Settings
 []


Underfull \hbox (badness 10000) in paragraph at lines 260--262
[]\T1/txtt/m/n/10 LEADERBOARD_TITLE_Y \T1/qtm/m/n/10 (\T1/qtm/m/it/10 tetris.se
ttings.Settings at-
 []


Overfull \hbox (5.5715pt too wide) in paragraph at lines 263--265
[]\T1/txtt/m/n/10 LEFT_EDGE_POS \T1/qtm/m/n/10 (\T1/qtm/m/it/10 tetris.tests.te
st_tetrominos.TestTetromino
 []

[27]
Underfull \hbox (badness 10000) in paragraph at lines 292--294
[]\T1/txtt/m/n/10 MENU_LEADERBOARD_TEXT \T1/qtm/m/n/10 (\T1/qtm/m/it/10 tetris.
settings.Settings
 []


Underfull \hbox (badness 10000) in paragraph at lines 296--298
[]\T1/txtt/m/n/10 MENU_START_GAME_TEXT \T1/qtm/m/n/10 (\T1/qtm/m/it/10 tetris.s
ettings.Settings at-
 []


Underfull \hbox (badness 10000) in paragraph at lines 322--324
[]\T1/txtt/m/n/10 MOVE_DOWN_ACCELERATION_PER_LVL
 []


Underfull \hbox (badness 10000) in paragraph at lines 325--327
[]\T1/txtt/m/n/10 MOVE_DOWN_START_TIME \T1/qtm/m/n/10 (\T1/qtm/m/it/10 tetris.s
ettings.Settings at-
 []


Underfull \hbox (badness 10000) in paragraph at lines 337--339
[]\T1/txtt/m/n/10 MOVING_RIGHT_KEY_1_FILENAME
 []


Underfull \hbox (badness 10000) in paragraph at lines 339--341
[]\T1/txtt/m/n/10 MOVING_RIGHT_KEY_2_FILENAME
 []


Underfull \hbox (badness 10000) in paragraph at lines 344--346
[]\T1/txtt/m/n/10 N_OF_LINES_TO_LVL_UP \T1/qtm/m/n/10 (\T1/qtm/m/it/10 tetris.s
ettings.Settings at-
 []


Underfull \hbox (badness 10000) in paragraph at lines 349--351
[]\T1/txtt/m/n/10 NEXT_TETROMINO_CELL_WIDTH \T1/qtm/m/n/10 (\T1/qtm/m/it/10 tet
ris.settings.Settings
 []


Underfull \hbox (badness 10000) in paragraph at lines 352--354
[]\T1/txtt/m/n/10 NEXT_TETROMINO_GRID_POS
 []


Underfull \hbox (badness 10000) in paragraph at lines 354--356
[]\T1/txtt/m/n/10 NEXT_TETROMINO_GRID_POS
 []


Underfull \hbox (badness 10000) in paragraph at lines 356--358
[]\T1/txtt/m/n/10 NEXT_TETROMINO_GRID_POS
 []


Underfull \hbox (badness 10000) in paragraph at lines 358--360
[]\T1/txtt/m/n/10 NEXT_TETROMINO_GRID_POS
 []


Underfull \hbox (badness 10000) in paragraph at lines 360--362
[]\T1/txtt/m/n/10 NEXT_TETROMINO_GRID_POS
 []


Underfull \hbox (badness 10000) in paragraph at lines 362--364
[]\T1/txtt/m/n/10 NEXT_TETROMINO_GRID_POS
 []


Underfull \hbox (badness 10000) in paragraph at lines 364--366
[]\T1/txtt/m/n/10 NEXT_TETROMINO_GRID_POS
 []


Underfull \hbox (badness 10000) in paragraph at lines 366--368
[]\T1/txtt/m/n/10 NEXT_TETROMINO_GRID_POS
 []


Underfull \hbox (badness 10000) in paragraph at lines 370--372
[]\T1/txtt/m/n/10 NEXT_TETROMINO_N_OF_ROWS \T1/qtm/m/n/10 (\T1/qtm/m/it/10 tetr
is.settings.Settings
 []


Underfull \hbox (badness 10000) in paragraph at lines 372--374
[]\T1/txtt/m/n/10 NEXT_TETROMINO_TITLE \T1/qtm/m/n/10 (\T1/qtm/m/it/10 tetris.s
ettings.Settings at-
 []


Underfull \hbox (badness 10000) in paragraph at lines 388--390
[]\T1/txtt/m/n/10 POINTS_FOR_HARD_DROP \T1/qtm/m/n/10 (\T1/qtm/m/it/10 tetris.s
ettings.Settings at-
 []


Underfull \hbox (badness 10000) in paragraph at lines 390--392
[]\T1/txtt/m/n/10 POINTS_FOR_SOFT_DROP \T1/qtm/m/n/10 (\T1/qtm/m/it/10 tetris.s
ettings.Settings at-
 []

[28]
Underfull \hbox (badness 10000) in paragraph at lines 423--425
[]\T1/txtt/m/n/10 put_on_next_tetromino_window()
 []


Overfull \hbox (10.82149pt too wide) in paragraph at lines 434--436
[]\T1/txtt/m/n/10 RIGHT_EDGE_POS \T1/qtm/m/n/10 (\T1/qtm/m/it/10 tetris.tests.t
est_tetrominos.TestTetromino
 []


Underfull \hbox (badness 6125) in paragraph at lines 438--439
[]\T1/txtt/m/n/10 rotate_left() \T1/qtm/m/n/10 (\T1/qtm/m/it/10 tetris.tetromin
os.Tetromino method\T1/qtm/m/n/10 ),
 []


Underfull \hbox (badness 10000) in paragraph at lines 439--441
[]\T1/txtt/m/n/10 ROTATE_LEFT_KEY_FILENAME \T1/qtm/m/n/10 (\T1/qtm/m/it/10 tetr
is.settings.Settings
 []


Underfull \hbox (badness 10000) in paragraph at lines 444--446
[]\T1/txtt/m/n/10 ROTATE_RIGHT_KEY_1_FILENAME
 []


Underfull \hbox (badness 10000) in paragraph at lines 446--448
[]\T1/txtt/m/n/10 ROTATE_RIGHT_KEY_2_FILENAME
 []


Underfull \hbox (badness 10000) in paragraph at lines 471--473
[]\T1/txtt/m/n/10 setUpClass() \T1/qtm/m/n/10 (\T1/qtm/m/it/10 tetris.tests.tes
t_game.TestGame class
 []


Overfull \hbox (26.57227pt too wide) in paragraph at lines 498--500
[]\T1/txtt/m/n/10 test_check_down() \T1/qtm/m/n/10 (\T1/qtm/m/it/10 tetris.test
s.test_tetrominos.TestTetromino
 []

[29]
Underfull \hbox (badness 10000) in paragraph at lines 500--502
[]\T1/txtt/m/n/10 test_check_line() \T1/qtm/m/n/10 (\T1/qtm/m/it/10 tetris.test
s.test_game.TestGame
 []


Underfull \hbox (badness 10000) in paragraph at lines 502--504
[]\T1/txtt/m/n/10 test_check_move_left()
 []


Underfull \hbox (badness 10000) in paragraph at lines 502--504
\T1/qtm/m/n/10 (\T1/qtm/m/it/10 tetris.tests.test_tetrominos.TestTetromino
 []


Underfull \hbox (badness 10000) in paragraph at lines 504--506
[]\T1/txtt/m/n/10 test_check_move_right()
 []


Underfull \hbox (badness 10000) in paragraph at lines 504--506
\T1/qtm/m/n/10 (\T1/qtm/m/it/10 tetris.tests.test_tetrominos.TestTetromino
 []


Underfull \hbox (badness 10000) in paragraph at lines 506--508
[]\T1/txtt/m/n/10 test_check_tetromino_above_top()
 []


Underfull \hbox (badness 10000) in paragraph at lines 506--508
\T1/qtm/m/n/10 (\T1/qtm/m/it/10 tetris.tests.test_game.TestGame method\T1/qtm/m
/n/10 ),
 []


Overfull \hbox (31.82225pt too wide) in paragraph at lines 508--510
[]\T1/txtt/m/n/10 test_check_touch() \T1/qtm/m/n/10 (\T1/qtm/m/it/10 tetris.tes
ts.test_tetrominos.TestTetromino
 []


Underfull \hbox (badness 5681) in paragraph at lines 510--512
[]\T1/txtt/m/n/10 test_delete_line() \T1/qtm/m/n/10 (\T1/qtm/m/it/10 tetris.tes
ts.test_game.TestGame
 []


Underfull \hbox (badness 10000) in paragraph at lines 512--514
[]\T1/txtt/m/n/10 test_init_properties()
 []


Underfull \hbox (badness 10000) in paragraph at lines 512--514
\T1/qtm/m/n/10 (\T1/qtm/m/it/10 tetris.tests.test_game.TestGame method\T1/qtm/m
/n/10 ),
 []


Underfull \hbox (badness 10000) in paragraph at lines 515--517
[]\T1/txtt/m/n/10 test_random_tetromino()
 []


Underfull \hbox (badness 10000) in paragraph at lines 515--517
\T1/qtm/m/n/10 (\T1/qtm/m/it/10 tetris.tests.test_game.TestGame method\T1/qtm/m
/n/10 ),
 []


Underfull \hbox (badness 10000) in paragraph at lines 570--571
[]\T1/txtt/m/n/10 update_on_grid() \T1/qtm/m/n/10 (\T1/qtm/m/it/10 tetris.tetro
minos.Tetromino
 []

[30]) (./tetris-pygame.aux)
 ***********
LaTeX2e <2023-11-01>
L3 programming layer <2023-11-01>
 ***********
Package rerunfilecheck Info: File `tetris-pygame.out' has not changed.
(rerunfilecheck)             Checksum: 091684B9493F5C867A87FDE32A597EB6;5840.
 ) 
Here is how much of TeX's memory you used:
 17103 strings out of 474272
 294071 string characters out of 5751547
 1950533 words of memory out of 5000000
 38517 multiletter control sequences out of 15000+600000
 609743 words of font info for 78 fonts, out of 8000000 for 9000
 1142 hyphenation exceptions out of 8191
 72i,12n,79p,8031b,778s stack positions out of 10000i,1000n,20000p,200000b,200000s
<c:/texlive/2023/texmf-dist/fonts/type1/public/amsfonts/cm/cmsy10.pfb><c:/tex
live/2023/texmf-dist/fonts/type1/public/tex-gyre/qhvb.pfb><c:/texlive/2023/texm
f-dist/fonts/type1/public/tex-gyre/qhvbi.pfb><c:/texlive/2023/texmf-dist/fonts/
type1/public/tex-gyre/qhvr.pfb><c:/texlive/2023/texmf-dist/fonts/type1/public/t
ex-gyre/qtmb.pfb><c:/texlive/2023/texmf-dist/fonts/type1/public/tex-gyre/qtmr.p
fb><c:/texlive/2023/texmf-dist/fonts/type1/public/tex-gyre/qtmri.pfb><c:/texliv
e/2023/texmf-dist/fonts/type1/public/txfonts/t1xbtt.pfb><c:/texlive/2023/texmf-
dist/fonts/type1/public/txfonts/t1xtt.pfb><c:/texlive/2023/texmf-dist/fonts/typ
e1/public/txfonts/t1xtt.pfb><c:/texlive/2023/texmf-dist/fonts/type1/public/txfo
nts/tcxbtt.pfb>
Output written on tetris-pygame.pdf (34 pages, 239759 bytes).
PDF statistics:
 1212 PDF objects out of 1440 (max. 8388607)
 1145 compressed objects within 12 object streams
 407 named destinations out of 1000 (max. 500000)
 309 words of extra memory for PDF output out of 10000 (max. 10000000)

