\BOOKMARK [0][-]{chapter.1}{\376\377\000t\000e\000t\000r\000i\000s\000\040\000p\000a\000c\000k\000a\000g\000e}{}% 1
\BOOKMARK [1][-]{section.1.1}{\376\377\000S\000u\000b\000p\000a\000c\000k\000a\000g\000e\000s}{chapter.1}% 2
\BOOKMARK [2][-]{subsection.1.1.1}{\376\377\000t\000e\000t\000r\000i\000s\000.\000d\000b\000\040\000p\000a\000c\000k\000a\000g\000e}{section.1.1}% 3
\BOOKMARK [3][-]{subsubsection*.3}{\376\377\000S\000u\000b\000p\000a\000c\000k\000a\000g\000e\000s}{subsection.1.1.1}% 4
\BOOKMARK [4][-]{paragraph*.4}{\376\377\000t\000e\000t\000r\000i\000s\000.\000d\000b\000.\000m\000o\000d\000e\000l\000s\000\040\000p\000a\000c\000k\000a\000g\000e}{subsubsection*.3}% 5
\BOOKMARK [5][-]{subparagraph*.5}{\376\377\000S\000u\000b\000m\000o\000d\000u\000l\000e\000s}{paragraph*.4}% 6
\BOOKMARK [5][-]{subparagraph*.6}{\376\377\000t\000e\000t\000r\000i\000s\000.\000d\000b\000.\000m\000o\000d\000e\000l\000s\000.\000g\000e\000t\000\137\000b\000a\000s\000e\000\137\000d\000i\000r\000\040\000m\000o\000d\000u\000l\000e}{paragraph*.4}% 7
\BOOKMARK [5][-]{subparagraph*.7}{\376\377\000t\000e\000t\000r\000i\000s\000.\000d\000b\000.\000m\000o\000d\000e\000l\000s\000.\000u\000s\000e\000r\000\040\000m\000o\000d\000u\000l\000e}{paragraph*.4}% 8
\BOOKMARK [5][-]{subparagraph*.17}{\376\377\000M\000o\000d\000u\000l\000e\000\040\000c\000o\000n\000t\000e\000n\000t\000s}{paragraph*.4}% 9
\BOOKMARK [4][-]{paragraph*.18}{\376\377\000t\000e\000t\000r\000i\000s\000.\000d\000b\000.\000s\000c\000r\000i\000p\000t\000s\000\040\000p\000a\000c\000k\000a\000g\000e}{subsubsection*.3}% 10
\BOOKMARK [5][-]{subparagraph*.19}{\376\377\000S\000u\000b\000m\000o\000d\000u\000l\000e\000s}{paragraph*.18}% 11
\BOOKMARK [5][-]{subparagraph*.20}{\376\377\000t\000e\000t\000r\000i\000s\000.\000d\000b\000.\000s\000c\000r\000i\000p\000t\000s\000.\000g\000e\000t\000\137\000b\000a\000s\000e\000\137\000d\000i\000r\000\040\000m\000o\000d\000u\000l\000e}{paragraph*.18}% 12
\BOOKMARK [5][-]{subparagraph*.21}{\376\377\000t\000e\000t\000r\000i\000s\000.\000d\000b\000.\000s\000c\000r\000i\000p\000t\000s\000.\000m\000i\000g\000r\000a\000t\000i\000o\000n\000\040\000m\000o\000d\000u\000l\000e}{paragraph*.18}% 13
\BOOKMARK [5][-]{subparagraph*.24}{\376\377\000M\000o\000d\000u\000l\000e\000\040\000c\000o\000n\000t\000e\000n\000t\000s}{paragraph*.18}% 14
\BOOKMARK [3][-]{subsubsection*.25}{\376\377\000S\000u\000b\000m\000o\000d\000u\000l\000e\000s}{subsection.1.1.1}% 15
\BOOKMARK [4][-]{paragraph*.26}{\376\377\000t\000e\000t\000r\000i\000s\000.\000d\000b\000.\000s\000e\000t\000t\000i\000n\000g\000s\000\040\000m\000o\000d\000u\000l\000e}{subsubsection*.25}% 16
\BOOKMARK [3][-]{subsubsection*.27}{\376\377\000M\000o\000d\000u\000l\000e\000\040\000c\000o\000n\000t\000e\000n\000t\000s}{subsection.1.1.1}% 17
\BOOKMARK [2][-]{subsection.1.1.2}{\376\377\000t\000e\000t\000r\000i\000s\000.\000t\000e\000s\000t\000s\000\040\000p\000a\000c\000k\000a\000g\000e}{section.1.1}% 18
\BOOKMARK [3][-]{subsubsection*.28}{\376\377\000S\000u\000b\000m\000o\000d\000u\000l\000e\000s}{subsection.1.1.2}% 19
\BOOKMARK [4][-]{paragraph*.29}{\376\377\000t\000e\000t\000r\000i\000s\000.\000t\000e\000s\000t\000s\000.\000t\000e\000s\000t\000\137\000g\000a\000m\000e\000\040\000m\000o\000d\000u\000l\000e}{subsubsection*.28}% 20
\BOOKMARK [4][-]{paragraph*.44}{\376\377\000t\000e\000t\000r\000i\000s\000.\000t\000e\000s\000t\000s\000.\000t\000e\000s\000t\000\137\000m\000e\000n\000u\000\040\000m\000o\000d\000u\000l\000e}{subsubsection*.28}% 21
\BOOKMARK [4][-]{paragraph*.48}{\376\377\000t\000e\000t\000r\000i\000s\000.\000t\000e\000s\000t\000s\000.\000t\000e\000s\000t\000\137\000t\000e\000t\000r\000o\000m\000i\000n\000o\000s\000\040\000m\000o\000d\000u\000l\000e}{subsubsection*.28}% 22
\BOOKMARK [3][-]{subsubsection*.58}{\376\377\000M\000o\000d\000u\000l\000e\000\040\000c\000o\000n\000t\000e\000n\000t\000s}{subsection.1.1.2}% 23
\BOOKMARK [1][-]{section.1.2}{\376\377\000S\000u\000b\000m\000o\000d\000u\000l\000e\000s}{chapter.1}% 24
\BOOKMARK [2][-]{subsection.1.2.1}{\376\377\000t\000e\000t\000r\000i\000s\000.\000c\000o\000n\000t\000r\000o\000l\000s\000\040\000m\000o\000d\000u\000l\000e}{section.1.2}% 25
\BOOKMARK [2][-]{subsection.1.2.2}{\376\377\000t\000e\000t\000r\000i\000s\000.\000g\000a\000m\000e\000\040\000m\000o\000d\000u\000l\000e}{section.1.2}% 26
\BOOKMARK [2][-]{subsection.1.2.3}{\376\377\000t\000e\000t\000r\000i\000s\000.\000l\000e\000a\000d\000e\000r\000b\000o\000a\000r\000d\000\040\000m\000o\000d\000u\000l\000e}{section.1.2}% 27
\BOOKMARK [2][-]{subsection.1.2.4}{\376\377\000t\000e\000t\000r\000i\000s\000.\000m\000a\000i\000n\000\040\000m\000o\000d\000u\000l\000e}{section.1.2}% 28
\BOOKMARK [2][-]{subsection.1.2.5}{\376\377\000t\000e\000t\000r\000i\000s\000.\000m\000e\000n\000u\000\040\000m\000o\000d\000u\000l\000e}{section.1.2}% 29
\BOOKMARK [2][-]{subsection.1.2.6}{\376\377\000t\000e\000t\000r\000i\000s\000.\000r\000u\000l\000e\000s\000\040\000m\000o\000d\000u\000l\000e}{section.1.2}% 30
\BOOKMARK [2][-]{subsection.1.2.7}{\376\377\000t\000e\000t\000r\000i\000s\000.\000s\000e\000t\000t\000i\000n\000g\000s\000\040\000m\000o\000d\000u\000l\000e}{section.1.2}% 31
\BOOKMARK [2][-]{subsection.1.2.8}{\376\377\000t\000e\000t\000r\000i\000s\000.\000t\000e\000t\000r\000o\000m\000i\000n\000o\000s\000\040\000m\000o\000d\000u\000l\000e}{section.1.2}% 32
\BOOKMARK [1][-]{section.1.3}{\376\377\000M\000o\000d\000u\000l\000e\000\040\000c\000o\000n\000t\000e\000n\000t\000s}{chapter.1}% 33
\BOOKMARK [0][-]{chapter.2}{\376\377\000I\000n\000d\000i\000c\000e\000s\000\040\000a\000n\000d\000\040\000t\000a\000b\000l\000e\000s}{}% 34
\BOOKMARK [0][-]{section*.357}{\376\377\000P\000y\000t\000h\000o\000n\000\040\000M\000o\000d\000u\000l\000e\000\040\000I\000n\000d\000e\000x}{}% 35
\BOOKMARK [0][-]{section*.358}{\376\377\000I\000n\000d\000e\000x}{}% 36
